Server spawnado @ 0.0.0.0
Client connected , ip 127.0.0.1 , port 50578 
Adding to list of sockets as 0
Li 902 ao todo!!!! readall saiu depois de timeout!!!!!:
O Request basicamente foi:
HTTP REQUEST:

Type: POST
Target: /pages/testscript.html
Version: HTTP/1.1
Host:  localhost:8001
mimetype: */*
OS:  "Linux"
Fetching /home/oar_X_I/http_server_sandbox/server/resources/pages/index.html...
Done!
Client connected , ip 127.0.0.1 , port 50582 
Adding to list of sockets as 0
Client connected , ip 127.0.0.1 , port 50650 
Adding to list of sockets as 0
Li 549 ao todo!!!! readall saiu depois de timeout!!!!!:
O Request basicamente foi:
HTTP REQUEST:

Type: GET
Target: /pages/pages/site.webmanifest
Version: HTTP/1.1
Host:  localhost:8001
mimetype: */*
OS:  "Linux"
/pages/pages/site.webmanifest
Fetching /home/oar_X_I/http_server_sandbox/server/resources/pages/pages/site.webmanifest...
Invalid filepath: /home/oar_X_I/http_server_sandbox/server/resources/pages/pages/site.webmanifest
No such file or directory
Client connected , ip 127.0.0.1 , port 50678 
Adding to list of sockets as 0
Li 646 ao todo!!!! readall saiu depois de timeout!!!!!:
O Request basicamente foi:
HTTP REQUEST:

Type: GET
Target: /
Version: HTTP/1.1
Host:  localhost:8001
mimetype: */*
OS:  "Linux"
Fetching /home/oar_X_I/http_server_sandbox/server/resources/pages/index.html...
Done!
Client connected , ip 127.0.0.1 , port 50682 
Adding to list of sockets as 0
Adeus! Server out...
